<?xml version="1.0" encoding="UTF-8"?>
<!-- Generated by org.testng.reporters.JUnitReportReporter -->
<testsuite skipped="0" hostname="Pradnya" name="com.wbl.test.HomePageTest" tests="4" failures="0" timestamp="21 Jun 2017 13:27:32 GMT" time="20.577" errors="0">
  <testcase name="testNavLink" time="2.085" classname="com.wbl.test.HomePageTest"/>
  <testcase name="testsigninClick" time="7.018" classname="com.wbl.test.HomePageTest"/>
  <testcase name="testnewUser" time="3.056" classname="com.wbl.test.HomePageTest"/>
  <testcase name="testSearchbox" time="8.418" classname="com.wbl.test.HomePageTest"/>
</testsuite> <!-- com.wbl.test.HomePageTest -->
