<?xml version="1.0" encoding="UTF-8"?>
<!-- Generated by org.testng.reporters.JUnitReportReporter -->
<testsuite skipped="0" hostname="Pradnya" name="com.wbl.test.LoginPageTest" tests="5" failures="0" timestamp="21 Jun 2017 13:14:44 GMT" time="14.092" errors="0">
  <testcase name="testlogin" time="2.330" classname="com.wbl.test.LoginPageTest"/>
  <testcase name="testlogin" time="2.816" classname="com.wbl.test.LoginPageTest"/>
  <testcase name="testlogin" time="2.867" classname="com.wbl.test.LoginPageTest"/>
  <testcase name="testlogin" time="3.349" classname="com.wbl.test.LoginPageTest"/>
  <testcase name="testlogin" time="2.730" classname="com.wbl.test.LoginPageTest"/>
</testsuite> <!-- com.wbl.test.LoginPageTest -->
