<?xml version="1.0" encoding="UTF-8"?>
<!-- Generated by org.testng.reporters.JUnitReportReporter -->
<testsuite skipped="0" hostname="Pradnya" name="com.wbl.test.RegisterPageTest" tests="1" failures="0" timestamp="21 Jun 2017 13:14:44 GMT" time="2.562" errors="0">
  <testcase name="testnewuserregister" time="2.562" classname="com.wbl.test.RegisterPageTest"/>
</testsuite> <!-- com.wbl.test.RegisterPageTest -->
