<?xml version="1.0" encoding="UTF-8"?>
<!-- Generated by org.testng.reporters.JUnitReportReporter -->
<testsuite skipped="0" hostname="Pradnya" name="com.app.test.HomePageTest" tests="4" failures="0" timestamp="10 Jul 2017 22:53:36 GMT" time="19.880" errors="0">
  <testcase name="testNavLink" time="2.567" classname="com.app.test.HomePageTest"/>
  <testcase name="testsigninClick" time="5.589" classname="com.app.test.HomePageTest"/>
  <testcase name="testnewUser" time="2.968" classname="com.app.test.HomePageTest"/>
  <testcase name="testSearchbox" time="8.756" classname="com.app.test.HomePageTest"/>
</testsuite> <!-- com.app.test.HomePageTest -->
