<?xml version="1.0" encoding="UTF-8"?>
<!-- Generated by org.testng.reporters.JUnitReportReporter -->
<testsuite hostname="Pradnya" name="com.wbl.test.RegisterPageTest" tests="1" failures="0" timestamp="19 May 2017 19:01:48 GMT" time="2.534" errors="0">
  <testcase name="testnewuserregister" time="2.534" classname="com.wbl.test.RegisterPageTest"/>
</testsuite> <!-- com.wbl.test.RegisterPageTest -->
